# JRE version: OpenJDK Runtime Environment Temurin-21.0.7+6 (21.0.7+6) (build 21.0.7+6-LTS)
# Java VM: OpenJDK 64-Bit Server VM Temurin-21.0.7+6 (21.0.7+6-LTS, mixed mode, sharing, tiered, compressed oops, compressed class ptrs, parallel gc, windows-amd64)
GC Precious Log:
 CardTable entry size: 512
 CPUs: 8 total, 8 available
 Memory: 8029M
 Large Page Support: Disabled
 NUMA Support: Disabled
 Compressed Oops: Enabled (32-bit)
 Alignments: Space 512K, Generation 512K, Heap 2M
 Heap Min Capacity: 100M
 Heap Initial Capacity: 100M
 Heap Max Capacity: 1G
 Pre-touch: Disabled
 Parallel Workers: 8
Heap:
 PSYoungGen      total 28160K, used 23245K [0x00000000eab00000, 0x00000000ece80000, 0x0000000100000000)
  eden space 21504K, 79% used [0x00000000eab00000,0x00000000ebba3e60,0x00000000ec000000)
  from space 6656K, 93% used [0x00000000ec800000,0x00000000ece0f6f8,0x00000000ece80000)
  to   space 7168K, 0% used [0x00000000ec080000,0x00000000ec080000,0x00000000ec780000)
 ParOldGen       total 560640K, used 560421K [0x00000000c0000000, 0x00000000e2380000, 0x00000000eab00000)
  object space 560640K, 99% used [0x00000000c0000000,0x00000000e2349608,0x00000000e2380000)
 Metaspace       used 65455K, committed 66816K, reserved 1114112K
  class space    used 7275K, committed 7872K, reserved 1048576K
GC Heap History (20 events):
Event: 58.193 GC heap before
{Heap before GC invocations=1123 (full 4):
 PSYoungGen      total 17920K, used 17176K [0x00000000eab00000, 0x00000000ec100000, 0x0000000100000000)
  eden space 13312K, 100% used [0x00000000eab00000,0x00000000eb800000,0x00000000eb800000)
  from space 4608K, 83% used [0x00000000ebc00000,0x00000000ebfc6008,0x00000000ec080000)
  to   space 4096K, 0% used [0x00000000eb800000,0x00000000eb800000,0x00000000ebc00000)
 ParOldGen       total 547840K, used 547675K [0x00000000c0000000, 0x00000000e1700000, 0x00000000eab00000)
  object space 547840K, 99% used [0x00000000c0000000,0x00000000e16d6d48,0x00000000e1700000)
 Metaspace       used 65452K, committed 66816K, reserved 1114112K
  class space    used 7275K, committed 7872K, reserved 1048576K
}
Event: 58.197 GC heap after
{Heap after GC invocations=1123 (full 4):
 PSYoungGen      total 17408K, used 4091K [0x00000000eab00000, 0x00000000ec380000, 0x0000000100000000)
  eden space 13312K, 0% used [0x00000000eab00000,0x00000000eab00000,0x00000000eb800000)
  from space 4096K, 99% used [0x00000000eb800000,0x00000000ebbfec08,0x00000000ebc00000)
  to   space 5120K, 0% used [0x00000000ebe80000,0x00000000ebe80000,0x00000000ec380000)
 ParOldGen       total 548352K, used 548315K [0x00000000c0000000, 0x00000000e1780000, 0x00000000eab00000)
  object space 548352K, 99% used [0x00000000c0000000,0x00000000e1776d50,0x00000000e1780000)
 Metaspace       used 65452K, committed 66816K, reserved 1114112K
  class space    used 7275K, committed 7872K, reserved 1048576K
}
Event: 58.297 GC heap before
{Heap before GC invocations=1124 (full 4):
 PSYoungGen      total 17408K, used 17403K [0x00000000eab00000, 0x00000000ec380000, 0x0000000100000000)
  eden space 13312K, 100% used [0x00000000eab00000,0x00000000eb800000,0x00000000eb800000)
  from space 4096K, 99% used [0x00000000eb800000,0x00000000ebbfec08,0x00000000ebc00000)
  to   space 5120K, 0% used [0x00000000ebe80000,0x00000000ebe80000,0x00000000ec380000)
 ParOldGen       total 548352K, used 548315K [0x00000000c0000000, 0x00000000e1780000, 0x00000000eab00000)
  object space 548352K, 99% used [0x00000000c0000000,0x00000000e1776d50,0x00000000e1780000)
 Metaspace       used 65452K, committed 66816K, reserved 1114112K
  class space    used 7275K, committed 7872K, reserved 1048576K
}
Event: 58.302 GC heap after
{Heap after GC invocations=1124 (full 4):
 PSYoungGen      total 18944K, used 4273K [0x00000000eab00000, 0x00000000ec300000, 0x0000000100000000)
  eden space 14336K, 0% used [0x00000000eab00000,0x00000000eab00000,0x00000000eb900000)
  from space 4608K, 92% used [0x00000000ebe80000,0x00000000ec2ac520,0x00000000ec300000)
  to   space 4608K, 0% used [0x00000000eba00000,0x00000000eba00000,0x00000000ebe80000)
 ParOldGen       total 549888K, used 549687K [0x00000000c0000000, 0x00000000e1900000, 0x00000000eab00000)
  object space 549888K, 99% used [0x00000000c0000000,0x00000000e18cdf58,0x00000000e1900000)
 Metaspace       used 65452K, committed 66816K, reserved 1114112K
  class space    used 7275K, committed 7872K, reserved 1048576K
}
Event: 58.366 GC heap before
{Heap before GC invocations=1125 (full 4):
 PSYoungGen      total 18944K, used 18609K [0x00000000eab00000, 0x00000000ec300000, 0x0000000100000000)
  eden space 14336K, 100% used [0x00000000eab00000,0x00000000eb900000,0x00000000eb900000)
  from space 4608K, 92% used [0x00000000ebe80000,0x00000000ec2ac520,0x00000000ec300000)
  to   space 4608K, 0% used [0x00000000eba00000,0x00000000eba00000,0x00000000ebe80000)
 ParOldGen       total 549888K, used 549687K [0x00000000c0000000, 0x00000000e1900000, 0x00000000eab00000)
  object space 549888K, 99% used [0x00000000c0000000,0x00000000e18cdf58,0x00000000e1900000)
 Metaspace       used 65452K, committed 66816K, reserved 1114112K
  class space    used 7275K, committed 7872K, reserved 1048576K
}
Event: 58.370 GC heap after
{Heap after GC invocations=1125 (full 4):
 PSYoungGen      total 19968K, used 4588K [0x00000000eab00000, 0x00000000ec600000, 0x0000000100000000)
  eden space 15360K, 0% used [0x00000000eab00000,0x00000000eab00000,0x00000000eba00000)
  from space 4608K, 99% used [0x00000000eba00000,0x00000000ebe7b120,0x00000000ebe80000)
  to   space 6144K, 0% used [0x00000000ec000000,0x00000000ec000000,0x00000000ec600000)
 ParOldGen       total 550912K, used 550583K [0x00000000c0000000, 0x00000000e1a00000, 0x00000000eab00000)
  object space 550912K, 99% used [0x00000000c0000000,0x00000000e19adf58,0x00000000e1a00000)
 Metaspace       used 65452K, committed 66816K, reserved 1114112K
  class space    used 7275K, committed 7872K, reserved 1048576K
}
Event: 58.426 GC heap before
{Heap before GC invocations=1126 (full 4):
 PSYoungGen      total 19968K, used 19948K [0x00000000eab00000, 0x00000000ec600000, 0x0000000100000000)
  eden space 15360K, 100% used [0x00000000eab00000,0x00000000eba00000,0x00000000eba00000)
  from space 4608K, 99% used [0x00000000eba00000,0x00000000ebe7b120,0x00000000ebe80000)
  to   space 6144K, 0% used [0x00000000ec000000,0x00000000ec000000,0x00000000ec600000)
 ParOldGen       total 550912K, used 550583K [0x00000000c0000000, 0x00000000e1a00000, 0x00000000eab00000)
  object space 550912K, 99% used [0x00000000c0000000,0x00000000e19adf58,0x00000000e1a00000)
 Metaspace       used 65453K, committed 66816K, reserved 1114112K
  class space    used 7275K, committed 7872K, reserved 1048576K
}
Event: 58.431 GC heap after
{Heap after GC invocations=1126 (full 4):
 PSYoungGen      total 21504K, used 4532K [0x00000000eab00000, 0x00000000ec500000, 0x0000000100000000)
  eden space 16384K, 0% used [0x00000000eab00000,0x00000000eab00000,0x00000000ebb00000)
  from space 5120K, 88% used [0x00000000ec000000,0x00000000ec46d0a8,0x00000000ec500000)
  to   space 5120K, 0% used [0x00000000ebb00000,0x00000000ebb00000,0x00000000ec000000)
 ParOldGen       total 552448K, used 552157K [0x00000000c0000000, 0x00000000e1b80000, 0x00000000eab00000)
  object space 552448K, 99% used [0x00000000c0000000,0x00000000e1b37568,0x00000000e1b80000)
 Metaspace       used 65453K, committed 66816K, reserved 1114112K
  class space    used 7275K, committed 7872K, reserved 1048576K
}
Event: 58.493 GC heap before
{Heap before GC invocations=1127 (full 4):
 PSYoungGen      total 21504K, used 20916K [0x00000000eab00000, 0x00000000ec500000, 0x0000000100000000)
  eden space 16384K, 100% used [0x00000000eab00000,0x00000000ebb00000,0x00000000ebb00000)
  from space 5120K, 88% used [0x00000000ec000000,0x00000000ec46d0a8,0x00000000ec500000)
  to   space 5120K, 0% used [0x00000000ebb00000,0x00000000ebb00000,0x00000000ec000000)
 ParOldGen       total 552448K, used 552157K [0x00000000c0000000, 0x00000000e1b80000, 0x00000000eab00000)
  object space 552448K, 99% used [0x00000000c0000000,0x00000000e1b37568,0x00000000e1b80000)
 Metaspace       used 65455K, committed 66816K, reserved 1114112K
  class space    used 7275K, committed 7872K, reserved 1048576K
}
Event: 58.498 GC heap after
{Heap after GC invocations=1127 (full 4):
 PSYoungGen      total 21504K, used 5088K [0x00000000eab00000, 0x00000000ec980000, 0x0000000100000000)
  eden space 16384K, 0% used [0x00000000eab00000,0x00000000eab00000,0x00000000ebb00000)
  from space 5120K, 99% used [0x00000000ebb00000,0x00000000ebff80a8,0x00000000ec000000)
  to   space 6656K, 0% used [0x00000000ec300000,0x00000000ec300000,0x00000000ec980000)
 ParOldGen       total 553472K, used 553141K [0x00000000c0000000, 0x00000000e1c80000, 0x00000000eab00000)
  object space 553472K, 99% used [0x00000000c0000000,0x00000000e1c2d568,0x00000000e1c80000)
 Metaspace       used 65455K, committed 66816K, reserved 1114112K
  class space    used 7275K, committed 7872K, reserved 1048576K
}
Event: 58.561 GC heap before
{Heap before GC invocations=1128 (full 4):
 PSYoungGen      total 21504K, used 21472K [0x00000000eab00000, 0x00000000ec980000, 0x0000000100000000)
  eden space 16384K, 100% used [0x00000000eab00000,0x00000000ebb00000,0x00000000ebb00000)
  from space 5120K, 99% used [0x00000000ebb00000,0x00000000ebff80a8,0x00000000ec000000)
  to   space 6656K, 0% used [0x00000000ec300000,0x00000000ec300000,0x00000000ec980000)
 ParOldGen       total 553472K, used 553141K [0x00000000c0000000, 0x00000000e1c80000, 0x00000000eab00000)
  object space 553472K, 99% used [0x00000000c0000000,0x00000000e1c2d568,0x00000000e1c80000)
 Metaspace       used 65455K, committed 66816K, reserved 1114112K
  class space    used 7275K, committed 7872K, reserved 1048576K
}
Event: 58.568 GC heap after
{Heap after GC invocations=1128 (full 4):
 PSYoungGen      total 23040K, used 4968K [0x00000000eab00000, 0x00000000ec800000, 0x0000000100000000)
  eden space 17920K, 0% used [0x00000000eab00000,0x00000000eab00000,0x00000000ebc80000)
  from space 5120K, 97% used [0x00000000ec300000,0x00000000ec7da018,0x00000000ec800000)
  to   space 5632K, 0% used [0x00000000ebd00000,0x00000000ebd00000,0x00000000ec280000)
 ParOldGen       total 555008K, used 554973K [0x00000000c0000000, 0x00000000e1e00000, 0x00000000eab00000)
  object space 555008K, 99% used [0x00000000c0000000,0x00000000e1df7608,0x00000000e1e00000)
 Metaspace       used 65455K, committed 66816K, reserved 1114112K
  class space    used 7275K, committed 7872K, reserved 1048576K
}
Event: 58.647 GC heap before
{Heap before GC invocations=1129 (full 4):
 PSYoungGen      total 23040K, used 22888K [0x00000000eab00000, 0x00000000ec800000, 0x0000000100000000)
  eden space 17920K, 100% used [0x00000000eab00000,0x00000000ebc80000,0x00000000ebc80000)
  from space 5120K, 97% used [0x00000000ec300000,0x00000000ec7da018,0x00000000ec800000)
  to   space 5632K, 0% used [0x00000000ebd00000,0x00000000ebd00000,0x00000000ec280000)
 ParOldGen       total 555008K, used 554973K [0x00000000c0000000, 0x00000000e1e00000, 0x00000000eab00000)
  object space 555008K, 99% used [0x00000000c0000000,0x00000000e1df7608,0x00000000e1e00000)
 Metaspace       used 65455K, committed 66816K, reserved 1114112K
  class space    used 7275K, committed 7872K, reserved 1048576K
}
Event: 58.654 GC heap after
{Heap after GC invocations=1129 (full 4):
 PSYoungGen      total 24064K, used 5624K [0x00000000eab00000, 0x00000000ecb00000, 0x0000000100000000)
  eden space 18432K, 0% used [0x00000000eab00000,0x00000000eab00000,0x00000000ebd00000)
  from space 5632K, 99% used [0x00000000ebd00000,0x00000000ec27e008,0x00000000ec280000)
  to   space 6656K, 0% used [0x00000000ec480000,0x00000000ec480000,0x00000000ecb00000)
 ParOldGen       total 556032K, used 555645K [0x00000000c0000000, 0x00000000e1f00000, 0x00000000eab00000)
  object space 556032K, 99% used [0x00000000c0000000,0x00000000e1e9f608,0x00000000e1f00000)
 Metaspace       used 65455K, committed 66816K, reserved 1114112K
  class space    used 7275K, committed 7872K, reserved 1048576K
}
Event: 58.726 GC heap before
{Heap before GC invocations=1130 (full 4):
 PSYoungGen      total 24064K, used 24056K [0x00000000eab00000, 0x00000000ecb00000, 0x0000000100000000)
  eden space 18432K, 100% used [0x00000000eab00000,0x00000000ebd00000,0x00000000ebd00000)
  from space 5632K, 99% used [0x00000000ebd00000,0x00000000ec27e008,0x00000000ec280000)
  to   space 6656K, 0% used [0x00000000ec480000,0x00000000ec480000,0x00000000ecb00000)
 ParOldGen       total 556032K, used 555645K [0x00000000c0000000, 0x00000000e1f00000, 0x00000000eab00000)
  object space 556032K, 99% used [0x00000000c0000000,0x00000000e1e9f608,0x00000000e1f00000)
 Metaspace       used 65455K, committed 66816K, reserved 1114112K
  class space    used 7275K, committed 7872K, reserved 1048576K
}
Event: 58.732 GC heap after
{Heap after GC invocations=1130 (full 4):
 PSYoungGen      total 26112K, used 5944K [0x00000000eab00000, 0x00000000eca80000, 0x0000000100000000)
  eden space 19968K, 0% used [0x00000000eab00000,0x00000000eab00000,0x00000000ebe80000)
  from space 6144K, 96% used [0x00000000ec480000,0x00000000eca4e008,0x00000000eca80000)
  to   space 6144K, 0% used [0x00000000ebe80000,0x00000000ebe80000,0x00000000ec480000)
 ParOldGen       total 557056K, used 557013K [0x00000000c0000000, 0x00000000e2000000, 0x00000000eab00000)
  object space 557056K, 99% used [0x00000000c0000000,0x00000000e1ff5608,0x00000000e2000000)
 Metaspace       used 65455K, committed 66816K, reserved 1114112K
  class space    used 7275K, committed 7872K, reserved 1048576K
}
Event: 58.825 GC heap before
{Heap before GC invocations=1131 (full 4):
 PSYoungGen      total 26112K, used 25912K [0x00000000eab00000, 0x00000000eca80000, 0x0000000100000000)
  eden space 19968K, 100% used [0x00000000eab00000,0x00000000ebe80000,0x00000000ebe80000)
  from space 6144K, 96% used [0x00000000ec480000,0x00000000eca4e008,0x00000000eca80000)
  to   space 6144K, 0% used [0x00000000ebe80000,0x00000000ebe80000,0x00000000ec480000)
 ParOldGen       total 557056K, used 557013K [0x00000000c0000000, 0x00000000e2000000, 0x00000000eab00000)
  object space 557056K, 99% used [0x00000000c0000000,0x00000000e1ff5608,0x00000000e2000000)
 Metaspace       used 65455K, committed 66816K, reserved 1114112K
  class space    used 7275K, committed 7872K, reserved 1048576K
}
Event: 58.832 GC heap after
{Heap after GC invocations=1131 (full 4):
 PSYoungGen      total 26112K, used 6112K [0x00000000eab00000, 0x00000000ed000000, 0x0000000100000000)
  eden space 19968K, 0% used [0x00000000eab00000,0x00000000eab00000,0x00000000ebe80000)
  from space 6144K, 99% used [0x00000000ebe80000,0x00000000ec478018,0x00000000ec480000)
  to   space 8192K, 0% used [0x00000000ec800000,0x00000000ec800000,0x00000000ed000000)
 ParOldGen       total 558592K, used 558573K [0x00000000c0000000, 0x00000000e2180000, 0x00000000eab00000)
  object space 558592K, 99% used [0x00000000c0000000,0x00000000e217b608,0x00000000e2180000)
 Metaspace       used 65455K, committed 66816K, reserved 1114112K
  class space    used 7275K, committed 7872K, reserved 1048576K
}
Event: 58.923 GC heap before
{Heap before GC invocations=1132 (full 4):
 PSYoungGen      total 26112K, used 26080K [0x00000000eab00000, 0x00000000ed000000, 0x0000000100000000)
  eden space 19968K, 100% used [0x00000000eab00000,0x00000000ebe80000,0x00000000ebe80000)
  from space 6144K, 99% used [0x00000000ebe80000,0x00000000ec478018,0x00000000ec480000)
  to   space 8192K, 0% used [0x00000000ec800000,0x00000000ec800000,0x00000000ed000000)
 ParOldGen       total 558592K, used 558573K [0x00000000c0000000, 0x00000000e2180000, 0x00000000eab00000)
  object space 558592K, 99% used [0x00000000c0000000,0x00000000e217b608,0x00000000e2180000)
 Metaspace       used 65455K, committed 66816K, reserved 1114112K
  class space    used 7275K, committed 7872K, reserved 1048576K
}
Event: 58.930 GC heap after
{Heap after GC invocations=1132 (full 4):
 PSYoungGen      total 28160K, used 6205K [0x00000000eab00000, 0x00000000ece80000, 0x0000000100000000)
  eden space 21504K, 0% used [0x00000000eab00000,0x00000000eab00000,0x00000000ec000000)
  from space 6656K, 93% used [0x00000000ec800000,0x00000000ece0f6f8,0x00000000ece80000)
  to   space 7168K, 0% used [0x00000000ec080000,0x00000000ec080000,0x00000000ec780000)
 ParOldGen       total 560640K, used 560421K [0x00000000c0000000, 0x00000000e2380000, 0x00000000eab00000)
  object space 560640K, 99% used [0x00000000c0000000,0x00000000e2349608,0x00000000e2380000)
 Metaspace       used 65455K, committed 66816K, reserved 1114112K
  class space    used 7275K, committed 7872K, reserved 1048576K
}

